# JRE version: OpenJDK Runtime Environment Microsoft-8035246 (17.0.8+7) (build 17.0.8+7-LTS)
# Java VM: OpenJDK 64-Bit Server VM Microsoft-8035246 (17.0.8+7-LTS, mixed mode, sharing, tiered, compressed oops, compressed class ptrs, g1 gc, windows-amd64)
GC Precious Log:
 CPUs: 16 total, 16 available
 Memory: 32690M
 Large Page Support: Disabled
 NUMA Support: Disabled
 Compressed Oops: Enabled (32-bit)
 Heap Region Size: 1M
 Heap Min Capacity: 8M
 Heap Initial Capacity: 512M
 Heap Max Capacity: 2G
 Pre-touch: Disabled
 Parallel Workers: 13
 Concurrent Workers: 3
 Concurrent Refinement Workers: 13
 Periodic GC: Disabled
Heap:
 garbage-first heap   total 267264K, used 203901K [0x0000000080000000, 0x0000000100000000)
  region size 1024K, 37 young (37888K), 7 survivors (7168K)
 Metaspace       used 108389K, committed 109376K, reserved 557056K
  class space    used 14950K, committed 15424K, reserved 425984K
GC Heap History (20 events):
Event: 15.332 GC heap before
{Heap before GC invocations=65 (full 0):
 garbage-first heap   total 222208K, used 179690K [0x0000000080000000, 0x0000000100000000)
  region size 1024K, 37 young (37888K), 6 survivors (6144K)
 Metaspace       used 99637K, committed 100544K, reserved 557056K
  class space    used 13790K, committed 14208K, reserved 425984K
}
Event: 15.334 GC heap after
{Heap after GC invocations=66 (full 0):
 garbage-first heap   total 222208K, used 150415K [0x0000000080000000, 0x0000000100000000)
  region size 1024K, 2 young (2048K), 2 survivors (2048K)
 Metaspace       used 99637K, committed 100544K, reserved 557056K
  class space    used 13790K, committed 14208K, reserved 425984K
}
Event: 15.615 GC heap before
{Heap before GC invocations=66 (full 0):
 garbage-first heap   total 222208K, used 183183K [0x0000000080000000, 0x0000000100000000)
  region size 1024K, 34 young (34816K), 2 survivors (2048K)
 Metaspace       used 102407K, committed 103424K, reserved 557056K
  class space    used 14196K, committed 14656K, reserved 425984K
}
Event: 15.617 GC heap after
{Heap after GC invocations=67 (full 0):
 garbage-first heap   total 222208K, used 151969K [0x0000000080000000, 0x0000000100000000)
  region size 1024K, 4 young (4096K), 4 survivors (4096K)
 Metaspace       used 102407K, committed 103424K, reserved 557056K
  class space    used 14196K, committed 14656K, reserved 425984K
}
Event: 15.912 GC heap before
{Heap before GC invocations=67 (full 0):
 garbage-first heap   total 222208K, used 184737K [0x0000000080000000, 0x0000000100000000)
  region size 1024K, 36 young (36864K), 4 survivors (4096K)
 Metaspace       used 103452K, committed 104448K, reserved 557056K
  class space    used 14334K, committed 14784K, reserved 425984K
}
Event: 15.915 GC heap after
{Heap after GC invocations=68 (full 0):
 garbage-first heap   total 222208K, used 155533K [0x0000000080000000, 0x0000000100000000)
  region size 1024K, 5 young (5120K), 5 survivors (5120K)
 Metaspace       used 103452K, committed 104448K, reserved 557056K
  class space    used 14334K, committed 14784K, reserved 425984K
}
Event: 16.114 GC heap before
{Heap before GC invocations=68 (full 0):
 garbage-first heap   total 222208K, used 186253K [0x0000000080000000, 0x0000000100000000)
  region size 1024K, 35 young (35840K), 5 survivors (5120K)
 Metaspace       used 104133K, committed 105088K, reserved 557056K
  class space    used 14408K, committed 14848K, reserved 425984K
}
Event: 16.117 GC heap after
{Heap after GC invocations=69 (full 0):
 garbage-first heap   total 222208K, used 159109K [0x0000000080000000, 0x0000000100000000)
  region size 1024K, 4 young (4096K), 4 survivors (4096K)
 Metaspace       used 104133K, committed 105088K, reserved 557056K
  class space    used 14408K, committed 14848K, reserved 425984K
}
Event: 16.296 GC heap before
{Heap before GC invocations=69 (full 0):
 garbage-first heap   total 222208K, used 187781K [0x0000000080000000, 0x0000000100000000)
  region size 1024K, 32 young (32768K), 4 survivors (4096K)
 Metaspace       used 104425K, committed 105408K, reserved 557056K
  class space    used 14437K, committed 14912K, reserved 425984K
}
Event: 16.299 GC heap after
{Heap after GC invocations=70 (full 0):
 garbage-first heap   total 222208K, used 162391K [0x0000000080000000, 0x0000000100000000)
  region size 1024K, 4 young (4096K), 4 survivors (4096K)
 Metaspace       used 104425K, committed 105408K, reserved 557056K
  class space    used 14437K, committed 14912K, reserved 425984K
}
Event: 16.431 GC heap before
{Heap before GC invocations=70 (full 0):
 garbage-first heap   total 222208K, used 186967K [0x0000000080000000, 0x0000000100000000)
  region size 1024K, 29 young (29696K), 4 survivors (4096K)
 Metaspace       used 105182K, committed 106112K, reserved 557056K
  class space    used 14494K, committed 14976K, reserved 425984K
}
Event: 16.435 GC heap after
{Heap after GC invocations=71 (full 0):
 garbage-first heap   total 222208K, used 166350K [0x0000000080000000, 0x0000000100000000)
  region size 1024K, 4 young (4096K), 4 survivors (4096K)
 Metaspace       used 105182K, committed 106112K, reserved 557056K
  class space    used 14494K, committed 14976K, reserved 425984K
}
Event: 16.657 GC heap before
{Heap before GC invocations=71 (full 0):
 garbage-first heap   total 222208K, used 192974K [0x0000000080000000, 0x0000000100000000)
  region size 1024K, 26 young (26624K), 4 survivors (4096K)
 Metaspace       used 107208K, committed 108224K, reserved 557056K
  class space    used 14783K, committed 15296K, reserved 425984K
}
Event: 16.660 GC heap after
{Heap after GC invocations=72 (full 0):
 garbage-first heap   total 222208K, used 168706K [0x0000000080000000, 0x0000000100000000)
  region size 1024K, 3 young (3072K), 3 survivors (3072K)
 Metaspace       used 107208K, committed 108224K, reserved 557056K
  class space    used 14783K, committed 15296K, reserved 425984K
}
Event: 16.763 GC heap before
{Heap before GC invocations=72 (full 0):
 garbage-first heap   total 222208K, used 190210K [0x0000000080000000, 0x0000000100000000)
  region size 1024K, 24 young (24576K), 3 survivors (3072K)
 Metaspace       used 107585K, committed 108672K, reserved 557056K
  class space    used 14851K, committed 15360K, reserved 425984K
}
Event: 16.765 GC heap after
{Heap after GC invocations=73 (full 0):
 garbage-first heap   total 222208K, used 169737K [0x0000000080000000, 0x0000000100000000)
  region size 1024K, 2 young (2048K), 2 survivors (2048K)
 Metaspace       used 107585K, committed 108672K, reserved 557056K
  class space    used 14851K, committed 15360K, reserved 425984K
}
Event: 16.901 GC heap before
{Heap before GC invocations=73 (full 0):
 garbage-first heap   total 222208K, used 189193K [0x0000000080000000, 0x0000000100000000)
  region size 1024K, 22 young (22528K), 2 survivors (2048K)
 Metaspace       used 107726K, committed 108736K, reserved 557056K
  class space    used 14851K, committed 15360K, reserved 425984K
}
Event: 16.902 GC heap after
{Heap after GC invocations=74 (full 0):
 garbage-first heap   total 267264K, used 170124K [0x0000000080000000, 0x0000000100000000)
  region size 1024K, 2 young (2048K), 2 survivors (2048K)
 Metaspace       used 107726K, committed 108736K, reserved 557056K
  class space    used 14851K, committed 15360K, reserved 425984K
}
Event: 17.151 GC heap before
{Heap before GC invocations=74 (full 0):
 garbage-first heap   total 267264K, used 218252K [0x0000000080000000, 0x0000000100000000)
  region size 1024K, 50 young (51200K), 2 survivors (2048K)
 Metaspace       used 108371K, committed 109376K, reserved 557056K
  class space    used 14950K, committed 15424K, reserved 425984K
}
Event: 17.154 GC heap after
{Heap after GC invocations=75 (full 0):
 garbage-first heap   total 267264K, used 175229K [0x0000000080000000, 0x0000000100000000)
  region size 1024K, 7 young (7168K), 7 survivors (7168K)
 Metaspace       used 108371K, committed 109376K, reserved 557056K
  class space    used 14950K, committed 15424K, reserved 425984K
}

