# JRE version: OpenJDK Runtime Environment Microsoft-8035246 (17.0.8+7) (build 17.0.8+7-LTS)
# Java VM: OpenJDK 64-Bit Server VM Microsoft-8035246 (17.0.8+7-LTS, mixed mode, sharing, tiered, compressed oops, compressed class ptrs, g1 gc, windows-amd64)
GC Precious Log:
 CPUs: 16 total, 16 available
 Memory: 32690M
 Large Page Support: Disabled
 NUMA Support: Disabled
 Compressed Oops: Enabled (32-bit)
 Heap Region Size: 1M
 Heap Min Capacity: 8M
 Heap Initial Capacity: 512M
 Heap Max Capacity: 2G
 Pre-touch: Disabled
 Parallel Workers: 13
 Concurrent Workers: 3
 Concurrent Refinement Workers: 13
 Periodic GC: Disabled
Heap:
 garbage-first heap   total 283648K, used 187983K [0x0000000080000000, 0x0000000100000000)
  region size 1024K, 19 young (19456K), 8 survivors (8192K)
 Metaspace       used 108482K, committed 109504K, reserved 557056K
  class space    used 14971K, committed 15488K, reserved 425984K
GC Heap History (20 events):
Event: 9.771 GC heap before
{Heap before GC invocations=40 (full 0):
 garbage-first heap   total 283648K, used 90492K [0x0000000080000000, 0x0000000100000000)
  region size 1024K, 13 young (13312K), 11 survivors (11264K)
 Metaspace       used 80682K, committed 81472K, reserved 557056K
  class space    used 11053K, committed 11392K, reserved 425984K
}
Event: 9.773 GC heap after
{Heap after GC invocations=41 (full 0):
 garbage-first heap   total 283648K, used 89373K [0x0000000080000000, 0x0000000100000000)
  region size 1024K, 1 young (1024K), 1 survivors (1024K)
 Metaspace       used 80682K, committed 81472K, reserved 557056K
  class space    used 11053K, committed 11392K, reserved 425984K
}
Event: 12.436 GC heap before
{Heap before GC invocations=41 (full 0):
 garbage-first heap   total 283648K, used 187677K [0x0000000080000000, 0x0000000100000000)
  region size 1024K, 97 young (99328K), 1 survivors (1024K)
 Metaspace       used 85001K, committed 85760K, reserved 557056K
  class space    used 11662K, committed 12032K, reserved 425984K
}
Event: 12.438 GC heap after
{Heap after GC invocations=42 (full 0):
 garbage-first heap   total 283648K, used 94702K [0x0000000080000000, 0x0000000100000000)
  region size 1024K, 7 young (7168K), 7 survivors (7168K)
 Metaspace       used 85001K, committed 85760K, reserved 557056K
  class space    used 11662K, committed 12032K, reserved 425984K
}
Event: 13.012 GC heap before
{Heap before GC invocations=42 (full 0):
 garbage-first heap   total 283648K, used 197102K [0x0000000080000000, 0x0000000100000000)
  region size 1024K, 106 young (108544K), 7 survivors (7168K)
 Metaspace       used 91840K, committed 92608K, reserved 557056K
  class space    used 12766K, committed 13120K, reserved 425984K
}
Event: 13.014 GC heap after
{Heap after GC invocations=43 (full 0):
 garbage-first heap   total 283648K, used 98251K [0x0000000080000000, 0x0000000100000000)
  region size 1024K, 10 young (10240K), 10 survivors (10240K)
 Metaspace       used 91840K, committed 92608K, reserved 557056K
  class space    used 12766K, committed 13120K, reserved 425984K
}
Event: 13.765 GC heap before
{Heap before GC invocations=43 (full 0):
 garbage-first heap   total 283648K, used 208843K [0x0000000080000000, 0x0000000100000000)
  region size 1024K, 113 young (115712K), 10 survivors (10240K)
 Metaspace       used 96461K, committed 97280K, reserved 557056K
  class space    used 13375K, committed 13760K, reserved 425984K
}
Event: 13.771 GC heap after
{Heap after GC invocations=44 (full 0):
 garbage-first heap   total 283648K, used 117983K [0x0000000080000000, 0x0000000100000000)
  region size 1024K, 15 young (15360K), 15 survivors (15360K)
 Metaspace       used 96461K, committed 97280K, reserved 557056K
  class space    used 13375K, committed 13760K, reserved 425984K
}
Event: 14.635 GC heap before
{Heap before GC invocations=44 (full 0):
 garbage-first heap   total 283648K, used 216287K [0x0000000080000000, 0x0000000100000000)
  region size 1024K, 105 young (107520K), 15 survivors (15360K)
 Metaspace       used 97507K, committed 98496K, reserved 557056K
  class space    used 13486K, committed 13952K, reserved 425984K
}
Event: 14.643 GC heap after
{Heap after GC invocations=45 (full 0):
 garbage-first heap   total 283648K, used 145984K [0x0000000080000000, 0x0000000100000000)
  region size 1024K, 14 young (14336K), 14 survivors (14336K)
 Metaspace       used 97507K, committed 98496K, reserved 557056K
  class space    used 13486K, committed 13952K, reserved 425984K
}
Event: 15.096 GC heap before
{Heap before GC invocations=45 (full 0):
 garbage-first heap   total 283648K, used 214592K [0x0000000080000000, 0x0000000100000000)
  region size 1024K, 81 young (82944K), 14 survivors (14336K)
 Metaspace       used 102477K, committed 103424K, reserved 557056K
  class space    used 14201K, committed 14656K, reserved 425984K
}
Event: 15.100 GC heap after
{Heap after GC invocations=46 (full 0):
 garbage-first heap   total 283648K, used 152879K [0x0000000080000000, 0x0000000100000000)
  region size 1024K, 5 young (5120K), 5 survivors (5120K)
 Metaspace       used 102477K, committed 103424K, reserved 557056K
  class space    used 14201K, committed 14656K, reserved 425984K
}
Event: 15.590 GC heap before
{Heap before GC invocations=46 (full 0):
 garbage-first heap   total 283648K, used 221487K [0x0000000080000000, 0x0000000100000000)
  region size 1024K, 72 young (73728K), 5 survivors (5120K)
 Metaspace       used 104239K, committed 105280K, reserved 557056K
  class space    used 14417K, committed 14912K, reserved 425984K
}
Event: 15.594 GC heap after
{Heap after GC invocations=47 (full 0):
 garbage-first heap   total 283648K, used 159900K [0x0000000080000000, 0x0000000100000000)
  region size 1024K, 9 young (9216K), 9 survivors (9216K)
 Metaspace       used 104239K, committed 105280K, reserved 557056K
  class space    used 14417K, committed 14912K, reserved 425984K
}
Event: 16.000 GC heap before
{Heap before GC invocations=47 (full 0):
 garbage-first heap   total 283648K, used 229532K [0x0000000080000000, 0x0000000100000000)
  region size 1024K, 73 young (74752K), 9 survivors (9216K)
 Metaspace       used 106817K, committed 107840K, reserved 557056K
  class space    used 14644K, committed 15168K, reserved 425984K
}
Event: 16.006 GC heap after
{Heap after GC invocations=48 (full 0):
 garbage-first heap   total 283648K, used 168975K [0x0000000080000000, 0x0000000100000000)
  region size 1024K, 9 young (9216K), 9 survivors (9216K)
 Metaspace       used 106817K, committed 107840K, reserved 557056K
  class space    used 14644K, committed 15168K, reserved 425984K
}
Event: 16.423 GC heap before
{Heap before GC invocations=48 (full 0):
 garbage-first heap   total 283648K, used 228367K [0x0000000080000000, 0x0000000100000000)
  region size 1024K, 68 young (69632K), 9 survivors (9216K)
 Metaspace       used 108355K, committed 109440K, reserved 557056K
  class space    used 14970K, committed 15488K, reserved 425984K
}
Event: 16.428 GC heap after
{Heap after GC invocations=49 (full 0):
 garbage-first heap   total 283648K, used 173752K [0x0000000080000000, 0x0000000100000000)
  region size 1024K, 5 young (5120K), 5 survivors (5120K)
 Metaspace       used 108355K, committed 109440K, reserved 557056K
  class space    used 14970K, committed 15488K, reserved 425984K
}
Event: 16.666 GC heap before
{Heap before GC invocations=49 (full 0):
 garbage-first heap   total 283648K, used 232120K [0x0000000080000000, 0x0000000100000000)
  region size 1024K, 63 young (64512K), 5 survivors (5120K)
 Metaspace       used 108464K, committed 109504K, reserved 557056K
  class space    used 14971K, committed 15488K, reserved 425984K
}
Event: 16.669 GC heap after
{Heap after GC invocations=50 (full 0):
 garbage-first heap   total 283648K, used 177743K [0x0000000080000000, 0x0000000100000000)
  region size 1024K, 8 young (8192K), 8 survivors (8192K)
 Metaspace       used 108464K, committed 109504K, reserved 557056K
  class space    used 14971K, committed 15488K, reserved 425984K
}

